make --dry-run --always-make --keep-going --print-directory
make: Entering directory '/home/rand/xv6-rust'
gcc -Werror -Wall -I./xv6-user -o xv6-mkfs/mkfs xv6-mkfs/mkfs.c
 
riscv64-unknown-elf-gcc -Wall -O -fno-omit-frame-pointer -ggdb -MD -mcmodel=medany -ffreestanding -fno-common -nostdlib -mno-relax -I./xv6-user -fno-stack-protector -fno-pie -no-pie   -c -o xv6-user/init.o xv6-user/init.c
 
riscv64-unknown-elf-gcc -Wall -O -fno-omit-frame-pointer -ggdb -MD -mcmodel=medany -ffreestanding -fno-common -nostdlib -mno-relax -I./xv6-user -fno-stack-protector -fno-pie -no-pie   -c -o xv6-user/ulib.o xv6-user/ulib.c
perl xv6-user/usys.pl > xv6-user/usys.S
riscv64-unknown-elf-gcc -Wall -O -fno-omit-frame-pointer -ggdb -MD -mcmodel=medany -ffreestanding -fno-common -nostdlib -mno-relax -I./xv6-user -fno-stack-protector -fno-pie -no-pie -c -o xv6-user/usys.o xv6-user/usys.S
 
riscv64-unknown-elf-gcc -Wall -O -fno-omit-frame-pointer -ggdb -MD -mcmodel=medany -ffreestanding -fno-common -nostdlib -mno-relax -I./xv6-user -fno-stack-protector -fno-pie -no-pie   -c -o xv6-user/printf.o xv6-user/printf.c
 
riscv64-unknown-elf-gcc -Wall -O -fno-omit-frame-pointer -ggdb -MD -mcmodel=medany -ffreestanding -fno-common -nostdlib -mno-relax -I./xv6-user -fno-stack-protector -fno-pie -no-pie   -c -o xv6-user/umalloc.o xv6-user/umalloc.c
riscv64-unknown-elf-gcc -Wall -O -fno-omit-frame-pointer -ggdb -MD -mcmodel=medany -ffreestanding -fno-common -nostdlib -mno-relax -I./xv6-user -fno-stack-protector -fno-pie -no-pie   -c -o xv6-user/thread.o xv6-user/thread.c
 
riscv64-unknown-elf-gcc -Wall -O -fno-omit-frame-pointer -ggdb -MD -mcmodel=medany -ffreestanding -fno-common -nostdlib -mno-relax -I./xv6-user -fno-stack-protector -fno-pie -no-pie -c -o xv6-user/start.o xv6-user/start.S
 
riscv64-unknown-elf-gcc -Wall -O -fno-omit-frame-pointer -ggdb -MD -mcmodel=medany -ffreestanding -fno-common -nostdlib -mno-relax -I./xv6-user -fno-stack-protector -fno-pie -no-pie -c -o xv6-user/uthread/getcontext.o xv6-user/uthread/getcontext.S
 
riscv64-unknown-elf-gcc -Wall -O -fno-omit-frame-pointer -ggdb -MD -mcmodel=medany -ffreestanding -fno-common -nostdlib -mno-relax -I./xv6-user -fno-stack-protector -fno-pie -no-pie -c -o xv6-user/uthread/setcontext.o xv6-user/uthread/setcontext.S
 
riscv64-unknown-elf-gcc -Wall -O -fno-omit-frame-pointer -ggdb -MD -mcmodel=medany -ffreestanding -fno-common -nostdlib -mno-relax -I./xv6-user -fno-stack-protector -fno-pie -no-pie -c xv6-user/uthread/getcontext.o xv6-user/uthread/setcontext.o xv6-user/uthread/ucontext.c -o xv6-user/uthread/ucontext.o
 
riscv64-unknown-elf-gcc -Wall -O -fno-omit-frame-pointer -ggdb -MD -mcmodel=medany -ffreestanding -fno-common -nostdlib -mno-relax -I./xv6-user -fno-stack-protector -fno-pie -no-pie -c -o xv6-user/uthread/uswtch.o xv6-user/uthread/uswtch.S
riscv64-unknown-elf-gcc -Wall -O -fno-omit-frame-pointer -ggdb -MD -mcmodel=medany -ffreestanding -fno-common -nostdlib -mno-relax -I./xv6-user -fno-stack-protector -fno-pie -no-pie -c xv6-user/uthread/uthread.c -o xv6-user/uthread/uthread.o
riscv64-unknown-elf-ld -z max-page-size=4096 -N -Ttext 0 -o xv6-user/_init xv6-user/init.o xv6-user/ulib.o xv6-user/usys.o xv6-user/printf.o xv6-user/umalloc.o xv6-user/thread.o xv6-user/start.o xv6-user/uthread/getcontext.o xv6-user/uthread/setcontext.o xv6-user/uthread/ucontext.o xv6-user/uthread/uswtch.o xv6-user/uthread/uthread.o
riscv64-unknown-elf-objdump -S xv6-user/_init > xv6-user/init.asm
riscv64-unknown-elf-objdump -t xv6-user/_init | sed '1,/SYMBOL TABLE/d; s/ .* / /; /^$/d' > xv6-user/init.sym
 
riscv64-unknown-elf-gcc -Wall -O -fno-omit-frame-pointer -ggdb -MD -mcmodel=medany -ffreestanding -fno-common -nostdlib -mno-relax -I./xv6-user -fno-stack-protector -fno-pie -no-pie   -c -o xv6-user/sh.o xv6-user/sh.c
riscv64-unknown-elf-ld -z max-page-size=4096 -N -Ttext 0 -o xv6-user/_sh xv6-user/sh.o xv6-user/ulib.o xv6-user/usys.o xv6-user/printf.o xv6-user/umalloc.o xv6-user/thread.o xv6-user/start.o xv6-user/uthread/getcontext.o xv6-user/uthread/setcontext.o xv6-user/uthread/ucontext.o xv6-user/uthread/uswtch.o xv6-user/uthread/uthread.o
riscv64-unknown-elf-objdump -S xv6-user/_sh > xv6-user/sh.asm
riscv64-unknown-elf-objdump -t xv6-user/_sh | sed '1,/SYMBOL TABLE/d; s/ .* / /; /^$/d' > xv6-user/sh.sym
 
riscv64-unknown-elf-gcc -Wall -O -fno-omit-frame-pointer -ggdb -MD -mcmodel=medany -ffreestanding -fno-common -nostdlib -mno-relax -I./xv6-user -fno-stack-protector -fno-pie -no-pie   -c -o xv6-user/echo.o xv6-user/echo.c
riscv64-unknown-elf-ld -z max-page-size=4096 -N -Ttext 0 -o xv6-user/_echo xv6-user/echo.o xv6-user/ulib.o xv6-user/usys.o xv6-user/printf.o xv6-user/umalloc.o xv6-user/thread.o xv6-user/start.o xv6-user/uthread/getcontext.o xv6-user/uthread/setcontext.o xv6-user/uthread/ucontext.o xv6-user/uthread/uswtch.o xv6-user/uthread/uthread.o
riscv64-unknown-elf-objdump -S xv6-user/_echo > xv6-user/echo.asm
riscv64-unknown-elf-objdump -t xv6-user/_echo | sed '1,/SYMBOL TABLE/d; s/ .* / /; /^$/d' > xv6-user/echo.sym
 
riscv64-unknown-elf-gcc -Wall -O -fno-omit-frame-pointer -ggdb -MD -mcmodel=medany -ffreestanding -fno-common -nostdlib -mno-relax -I./xv6-user -fno-stack-protector -fno-pie -no-pie   -c -o xv6-user/ls.o xv6-user/ls.c
riscv64-unknown-elf-ld -z max-page-size=4096 -N -Ttext 0 -o xv6-user/_ls xv6-user/ls.o xv6-user/ulib.o xv6-user/usys.o xv6-user/printf.o xv6-user/umalloc.o xv6-user/thread.o xv6-user/start.o xv6-user/uthread/getcontext.o xv6-user/uthread/setcontext.o xv6-user/uthread/ucontext.o xv6-user/uthread/uswtch.o xv6-user/uthread/uthread.o
riscv64-unknown-elf-objdump -S xv6-user/_ls > xv6-user/ls.asm
riscv64-unknown-elf-objdump -t xv6-user/_ls | sed '1,/SYMBOL TABLE/d; s/ .* / /; /^$/d' > xv6-user/ls.sym
 
riscv64-unknown-elf-gcc -Wall -O -fno-omit-frame-pointer -ggdb -MD -mcmodel=medany -ffreestanding -fno-common -nostdlib -mno-relax -I./xv6-user -fno-stack-protector -fno-pie -no-pie   -c -o xv6-user/mkdir.o xv6-user/mkdir.c
riscv64-unknown-elf-ld -z max-page-size=4096 -N -Ttext 0 -o xv6-user/_mkdir xv6-user/mkdir.o xv6-user/ulib.o xv6-user/usys.o xv6-user/printf.o xv6-user/umalloc.o xv6-user/thread.o xv6-user/start.o xv6-user/uthread/getcontext.o xv6-user/uthread/setcontext.o xv6-user/uthread/ucontext.o xv6-user/uthread/uswtch.o xv6-user/uthread/uthread.o
riscv64-unknown-elf-objdump -S xv6-user/_mkdir > xv6-user/mkdir.asm
riscv64-unknown-elf-objdump -t xv6-user/_mkdir | sed '1,/SYMBOL TABLE/d; s/ .* / /; /^$/d' > xv6-user/mkdir.sym
 
riscv64-unknown-elf-gcc -Wall -O -fno-omit-frame-pointer -ggdb -MD -mcmodel=medany -ffreestanding -fno-common -nostdlib -mno-relax -I./xv6-user -fno-stack-protector -fno-pie -no-pie   -c -o xv6-user/touch.o xv6-user/touch.c
riscv64-unknown-elf-ld -z max-page-size=4096 -N -Ttext 0 -o xv6-user/_touch xv6-user/touch.o xv6-user/ulib.o xv6-user/usys.o xv6-user/printf.o xv6-user/umalloc.o xv6-user/thread.o xv6-user/start.o xv6-user/uthread/getcontext.o xv6-user/uthread/setcontext.o xv6-user/uthread/ucontext.o xv6-user/uthread/uswtch.o xv6-user/uthread/uthread.o
riscv64-unknown-elf-objdump -S xv6-user/_touch > xv6-user/touch.asm
riscv64-unknown-elf-objdump -t xv6-user/_touch | sed '1,/SYMBOL TABLE/d; s/ .* / /; /^$/d' > xv6-user/touch.sym
 
riscv64-unknown-elf-gcc -Wall -O -fno-omit-frame-pointer -ggdb -MD -mcmodel=medany -ffreestanding -fno-common -nostdlib -mno-relax -I./xv6-user -fno-stack-protector -fno-pie -no-pie   -c -o xv6-user/cat.o xv6-user/cat.c
riscv64-unknown-elf-ld -z max-page-size=4096 -N -Ttext 0 -o xv6-user/_cat xv6-user/cat.o xv6-user/ulib.o xv6-user/usys.o xv6-user/printf.o xv6-user/umalloc.o xv6-user/thread.o xv6-user/start.o xv6-user/uthread/getcontext.o xv6-user/uthread/setcontext.o xv6-user/uthread/ucontext.o xv6-user/uthread/uswtch.o xv6-user/uthread/uthread.o
riscv64-unknown-elf-objdump -S xv6-user/_cat > xv6-user/cat.asm
riscv64-unknown-elf-objdump -t xv6-user/_cat | sed '1,/SYMBOL TABLE/d; s/ .* / /; /^$/d' > xv6-user/cat.sym
 
riscv64-unknown-elf-gcc -Wall -O -fno-omit-frame-pointer -ggdb -MD -mcmodel=medany -ffreestanding -fno-common -nostdlib -mno-relax -I./xv6-user -fno-stack-protector -fno-pie -no-pie   -c -o xv6-user/rm.o xv6-user/rm.c
riscv64-unknown-elf-ld -z max-page-size=4096 -N -Ttext 0 -o xv6-user/_rm xv6-user/rm.o xv6-user/ulib.o xv6-user/usys.o xv6-user/printf.o xv6-user/umalloc.o xv6-user/thread.o xv6-user/start.o xv6-user/uthread/getcontext.o xv6-user/uthread/setcontext.o xv6-user/uthread/ucontext.o xv6-user/uthread/uswtch.o xv6-user/uthread/uthread.o
riscv64-unknown-elf-objdump -S xv6-user/_rm > xv6-user/rm.asm
riscv64-unknown-elf-objdump -t xv6-user/_rm | sed '1,/SYMBOL TABLE/d; s/ .* / /; /^$/d' > xv6-user/rm.sym
 
riscv64-unknown-elf-gcc -Wall -O -fno-omit-frame-pointer -ggdb -MD -mcmodel=medany -ffreestanding -fno-common -nostdlib -mno-relax -I./xv6-user -fno-stack-protector -fno-pie -no-pie   -c -o xv6-user/wc.o xv6-user/wc.c
riscv64-unknown-elf-ld -z max-page-size=4096 -N -Ttext 0 -o xv6-user/_wc xv6-user/wc.o xv6-user/ulib.o xv6-user/usys.o xv6-user/printf.o xv6-user/umalloc.o xv6-user/thread.o xv6-user/start.o xv6-user/uthread/getcontext.o xv6-user/uthread/setcontext.o xv6-user/uthread/ucontext.o xv6-user/uthread/uswtch.o xv6-user/uthread/uthread.o
riscv64-unknown-elf-objdump -S xv6-user/_wc > xv6-user/wc.asm
riscv64-unknown-elf-objdump -t xv6-user/_wc | sed '1,/SYMBOL TABLE/d; s/ .* / /; /^$/d' > xv6-user/wc.sym
 
riscv64-unknown-elf-gcc -Wall -O -fno-omit-frame-pointer -ggdb -MD -mcmodel=medany -ffreestanding -fno-common -nostdlib -mno-relax -I./xv6-user -fno-stack-protector -fno-pie -no-pie   -c -o xv6-user/forktest.o xv6-user/forktest.c
# forktest has less library code linked in - needs to be small
# in order to be able to max out the proc table.
riscv64-unknown-elf-ld -z max-page-size=4096 -N -e main -Ttext 0 -o xv6-user/_forktest xv6-user/forktest.o xv6-user/ulib.o xv6-user/usys.o
riscv64-unknown-elf-objdump -S xv6-user/_forktest > xv6-user/forktest.asm
 
riscv64-unknown-elf-gcc -Wall -O -fno-omit-frame-pointer -ggdb -MD -mcmodel=medany -ffreestanding -fno-common -nostdlib -mno-relax -I./xv6-user -fno-stack-protector -fno-pie -no-pie   -c -o xv6-user/stressfs.o xv6-user/stressfs.c
riscv64-unknown-elf-ld -z max-page-size=4096 -N -Ttext 0 -o xv6-user/_stressfs xv6-user/stressfs.o xv6-user/ulib.o xv6-user/usys.o xv6-user/printf.o xv6-user/umalloc.o xv6-user/thread.o xv6-user/start.o xv6-user/uthread/getcontext.o xv6-user/uthread/setcontext.o xv6-user/uthread/ucontext.o xv6-user/uthread/uswtch.o xv6-user/uthread/uthread.o
riscv64-unknown-elf-objdump -S xv6-user/_stressfs > xv6-user/stressfs.asm
riscv64-unknown-elf-objdump -t xv6-user/_stressfs | sed '1,/SYMBOL TABLE/d; s/ .* / /; /^$/d' > xv6-user/stressfs.sym
 
riscv64-unknown-elf-gcc -Wall -O -fno-omit-frame-pointer -ggdb -MD -mcmodel=medany -ffreestanding -fno-common -nostdlib -mno-relax -I./xv6-user -fno-stack-protector -fno-pie -no-pie   -c -o xv6-user/sem_test1.o xv6-user/sem_test1.c
riscv64-unknown-elf-ld -z max-page-size=4096 -N -Ttext 0 -o xv6-user/_sem_test1 xv6-user/sem_test1.o xv6-user/ulib.o xv6-user/usys.o xv6-user/printf.o xv6-user/umalloc.o xv6-user/thread.o xv6-user/start.o xv6-user/uthread/getcontext.o xv6-user/uthread/setcontext.o xv6-user/uthread/ucontext.o xv6-user/uthread/uswtch.o xv6-user/uthread/uthread.o
riscv64-unknown-elf-objdump -S xv6-user/_sem_test1 > xv6-user/sem_test1.asm
riscv64-unknown-elf-objdump -t xv6-user/_sem_test1 | sed '1,/SYMBOL TABLE/d; s/ .* / /; /^$/d' > xv6-user/sem_test1.sym
 
riscv64-unknown-elf-gcc -Wall -O -fno-omit-frame-pointer -ggdb -MD -mcmodel=medany -ffreestanding -fno-common -nostdlib -mno-relax -I./xv6-user -fno-stack-protector -fno-pie -no-pie   -c -o xv6-user/sem_test2.o xv6-user/sem_test2.c
riscv64-unknown-elf-ld -z max-page-size=4096 -N -Ttext 0 -o xv6-user/_sem_test2 xv6-user/sem_test2.o xv6-user/ulib.o xv6-user/usys.o xv6-user/printf.o xv6-user/umalloc.o xv6-user/thread.o xv6-user/start.o xv6-user/uthread/getcontext.o xv6-user/uthread/setcontext.o xv6-user/uthread/ucontext.o xv6-user/uthread/uswtch.o xv6-user/uthread/uthread.o
riscv64-unknown-elf-objdump -S xv6-user/_sem_test2 > xv6-user/sem_test2.asm
riscv64-unknown-elf-objdump -t xv6-user/_sem_test2 | sed '1,/SYMBOL TABLE/d; s/ .* / /; /^$/d' > xv6-user/sem_test2.sym
 
riscv64-unknown-elf-gcc -Wall -O -fno-omit-frame-pointer -ggdb -MD -mcmodel=medany -ffreestanding -fno-common -nostdlib -mno-relax -I./xv6-user -fno-stack-protector -fno-pie -no-pie   -c -o xv6-user/thread_test.o xv6-user/thread_test.c
riscv64-unknown-elf-ld -z max-page-size=4096 -N -Ttext 0 -o xv6-user/_thread_test xv6-user/thread_test.o xv6-user/ulib.o xv6-user/usys.o xv6-user/printf.o xv6-user/umalloc.o xv6-user/thread.o xv6-user/start.o xv6-user/uthread/getcontext.o xv6-user/uthread/setcontext.o xv6-user/uthread/ucontext.o xv6-user/uthread/uswtch.o xv6-user/uthread/uthread.o
riscv64-unknown-elf-objdump -S xv6-user/_thread_test > xv6-user/thread_test.asm
riscv64-unknown-elf-objdump -t xv6-user/_thread_test | sed '1,/SYMBOL TABLE/d; s/ .* / /; /^$/d' > xv6-user/thread_test.sym
 
riscv64-unknown-elf-gcc -Wall -O -fno-omit-frame-pointer -ggdb -MD -mcmodel=medany -ffreestanding -fno-common -nostdlib -mno-relax -I./xv6-user -fno-stack-protector -fno-pie -no-pie   -c -o xv6-user/malloc_test.o xv6-user/malloc_test.c
riscv64-unknown-elf-ld -z max-page-size=4096 -N -Ttext 0 -o xv6-user/_malloc_test xv6-user/malloc_test.o xv6-user/ulib.o xv6-user/usys.o xv6-user/printf.o xv6-user/umalloc.o xv6-user/thread.o xv6-user/start.o xv6-user/uthread/getcontext.o xv6-user/uthread/setcontext.o xv6-user/uthread/ucontext.o xv6-user/uthread/uswtch.o xv6-user/uthread/uthread.o
riscv64-unknown-elf-objdump -S xv6-user/_malloc_test > xv6-user/malloc_test.asm
riscv64-unknown-elf-objdump -t xv6-user/_malloc_test | sed '1,/SYMBOL TABLE/d; s/ .* / /; /^$/d' > xv6-user/malloc_test.sym
 
riscv64-unknown-elf-gcc -Wall -O -fno-omit-frame-pointer -ggdb -MD -mcmodel=medany -ffreestanding -fno-common -nostdlib -mno-relax -I./xv6-user -fno-stack-protector -fno-pie -no-pie   -c -o xv6-user/fork_test.o xv6-user/fork_test.c
riscv64-unknown-elf-ld -z max-page-size=4096 -N -Ttext 0 -o xv6-user/_fork_test xv6-user/fork_test.o xv6-user/ulib.o xv6-user/usys.o xv6-user/printf.o xv6-user/umalloc.o xv6-user/thread.o xv6-user/start.o xv6-user/uthread/getcontext.o xv6-user/uthread/setcontext.o xv6-user/uthread/ucontext.o xv6-user/uthread/uswtch.o xv6-user/uthread/uthread.o
riscv64-unknown-elf-objdump -S xv6-user/_fork_test > xv6-user/fork_test.asm
riscv64-unknown-elf-objdump -t xv6-user/_fork_test | sed '1,/SYMBOL TABLE/d; s/ .* / /; /^$/d' > xv6-user/fork_test.sym
 
riscv64-unknown-elf-gcc -Wall -O -fno-omit-frame-pointer -ggdb -MD -mcmodel=medany -ffreestanding -fno-common -nostdlib -mno-relax -I./xv6-user -fno-stack-protector -fno-pie -no-pie   -c -o xv6-user/fifo_test1.o xv6-user/fifo_test1.c
riscv64-unknown-elf-ld -z max-page-size=4096 -N -Ttext 0 -o xv6-user/_fifo_test1 xv6-user/fifo_test1.o xv6-user/ulib.o xv6-user/usys.o xv6-user/printf.o xv6-user/umalloc.o xv6-user/thread.o xv6-user/start.o xv6-user/uthread/getcontext.o xv6-user/uthread/setcontext.o xv6-user/uthread/ucontext.o xv6-user/uthread/uswtch.o xv6-user/uthread/uthread.o
riscv64-unknown-elf-objdump -S xv6-user/_fifo_test1 > xv6-user/fifo_test1.asm
riscv64-unknown-elf-objdump -t xv6-user/_fifo_test1 | sed '1,/SYMBOL TABLE/d; s/ .* / /; /^$/d' > xv6-user/fifo_test1.sym
 
riscv64-unknown-elf-gcc -Wall -O -fno-omit-frame-pointer -ggdb -MD -mcmodel=medany -ffreestanding -fno-common -nostdlib -mno-relax -I./xv6-user -fno-stack-protector -fno-pie -no-pie   -c -o xv6-user/fifo_test2.o xv6-user/fifo_test2.c
riscv64-unknown-elf-ld -z max-page-size=4096 -N -Ttext 0 -o xv6-user/_fifo_test2 xv6-user/fifo_test2.o xv6-user/ulib.o xv6-user/usys.o xv6-user/printf.o xv6-user/umalloc.o xv6-user/thread.o xv6-user/start.o xv6-user/uthread/getcontext.o xv6-user/uthread/setcontext.o xv6-user/uthread/ucontext.o xv6-user/uthread/uswtch.o xv6-user/uthread/uthread.o
riscv64-unknown-elf-objdump -S xv6-user/_fifo_test2 > xv6-user/fifo_test2.asm
riscv64-unknown-elf-objdump -t xv6-user/_fifo_test2 | sed '1,/SYMBOL TABLE/d; s/ .* / /; /^$/d' > xv6-user/fifo_test2.sym
 
riscv64-unknown-elf-gcc -Wall -O -fno-omit-frame-pointer -ggdb -MD -mcmodel=medany -ffreestanding -fno-common -nostdlib -mno-relax -I./xv6-user -fno-stack-protector -fno-pie -no-pie   -c -o xv6-user/pipe_test.o xv6-user/pipe_test.c
riscv64-unknown-elf-ld -z max-page-size=4096 -N -Ttext 0 -o xv6-user/_pipe_test xv6-user/pipe_test.o xv6-user/ulib.o xv6-user/usys.o xv6-user/printf.o xv6-user/umalloc.o xv6-user/thread.o xv6-user/start.o xv6-user/uthread/getcontext.o xv6-user/uthread/setcontext.o xv6-user/uthread/ucontext.o xv6-user/uthread/uswtch.o xv6-user/uthread/uthread.o
riscv64-unknown-elf-objdump -S xv6-user/_pipe_test > xv6-user/pipe_test.asm
riscv64-unknown-elf-objdump -t xv6-user/_pipe_test | sed '1,/SYMBOL TABLE/d; s/ .* / /; /^$/d' > xv6-user/pipe_test.sym
 
riscv64-unknown-elf-gcc -Wall -O -fno-omit-frame-pointer -ggdb -MD -mcmodel=medany -ffreestanding -fno-common -nostdlib -mno-relax -I./xv6-user -fno-stack-protector -fno-pie -no-pie   -c -o xv6-user/uthreadtest.o xv6-user/uthreadtest.c
riscv64-unknown-elf-ld -z max-page-size=4096 -N -Ttext 0 -o xv6-user/_uthreadtest xv6-user/uthreadtest.o xv6-user/ulib.o xv6-user/usys.o xv6-user/printf.o xv6-user/umalloc.o xv6-user/thread.o xv6-user/start.o xv6-user/uthread/getcontext.o xv6-user/uthread/setcontext.o xv6-user/uthread/ucontext.o xv6-user/uthread/uswtch.o xv6-user/uthread/uthread.o
riscv64-unknown-elf-objdump -S xv6-user/_uthreadtest > xv6-user/uthreadtest.asm
riscv64-unknown-elf-objdump -t xv6-user/_uthreadtest | sed '1,/SYMBOL TABLE/d; s/ .* / /; /^$/d' > xv6-user/uthreadtest.sym
 
riscv64-unknown-elf-gcc -Wall -O -fno-omit-frame-pointer -ggdb -MD -mcmodel=medany -ffreestanding -fno-common -nostdlib -mno-relax -I./xv6-user -fno-stack-protector -fno-pie -no-pie   -c -o xv6-user/msgtest1.o xv6-user/msgtest1.c
riscv64-unknown-elf-ld -z max-page-size=4096 -N -Ttext 0 -o xv6-user/_msgtest1 xv6-user/msgtest1.o xv6-user/ulib.o xv6-user/usys.o xv6-user/printf.o xv6-user/umalloc.o xv6-user/thread.o xv6-user/start.o xv6-user/uthread/getcontext.o xv6-user/uthread/setcontext.o xv6-user/uthread/ucontext.o xv6-user/uthread/uswtch.o xv6-user/uthread/uthread.o
riscv64-unknown-elf-objdump -S xv6-user/_msgtest1 > xv6-user/msgtest1.asm
riscv64-unknown-elf-objdump -t xv6-user/_msgtest1 | sed '1,/SYMBOL TABLE/d; s/ .* / /; /^$/d' > xv6-user/msgtest1.sym
 
riscv64-unknown-elf-gcc -Wall -O -fno-omit-frame-pointer -ggdb -MD -mcmodel=medany -ffreestanding -fno-common -nostdlib -mno-relax -I./xv6-user -fno-stack-protector -fno-pie -no-pie   -c -o xv6-user/msgtest2.o xv6-user/msgtest2.c
riscv64-unknown-elf-ld -z max-page-size=4096 -N -Ttext 0 -o xv6-user/_msgtest2 xv6-user/msgtest2.o xv6-user/ulib.o xv6-user/usys.o xv6-user/printf.o xv6-user/umalloc.o xv6-user/thread.o xv6-user/start.o xv6-user/uthread/getcontext.o xv6-user/uthread/setcontext.o xv6-user/uthread/ucontext.o xv6-user/uthread/uswtch.o xv6-user/uthread/uthread.o
riscv64-unknown-elf-objdump -S xv6-user/_msgtest2 > xv6-user/msgtest2.asm
riscv64-unknown-elf-objdump -t xv6-user/_msgtest2 | sed '1,/SYMBOL TABLE/d; s/ .* / /; /^$/d' > xv6-user/msgtest2.sym
 
riscv64-unknown-elf-gcc -Wall -O -fno-omit-frame-pointer -ggdb -MD -mcmodel=medany -ffreestanding -fno-common -nostdlib -mno-relax -I./xv6-user -fno-stack-protector -fno-pie -no-pie   -c -o xv6-user/shmtest1.o xv6-user/shmtest1.c
riscv64-unknown-elf-ld -z max-page-size=4096 -N -Ttext 0 -o xv6-user/_shmtest1 xv6-user/shmtest1.o xv6-user/ulib.o xv6-user/usys.o xv6-user/printf.o xv6-user/umalloc.o xv6-user/thread.o xv6-user/start.o xv6-user/uthread/getcontext.o xv6-user/uthread/setcontext.o xv6-user/uthread/ucontext.o xv6-user/uthread/uswtch.o xv6-user/uthread/uthread.o
riscv64-unknown-elf-objdump -S xv6-user/_shmtest1 > xv6-user/shmtest1.asm
riscv64-unknown-elf-objdump -t xv6-user/_shmtest1 | sed '1,/SYMBOL TABLE/d; s/ .* / /; /^$/d' > xv6-user/shmtest1.sym
 
riscv64-unknown-elf-gcc -Wall -O -fno-omit-frame-pointer -ggdb -MD -mcmodel=medany -ffreestanding -fno-common -nostdlib -mno-relax -I./xv6-user -fno-stack-protector -fno-pie -no-pie   -c -o xv6-user/shmtest2.o xv6-user/shmtest2.c
riscv64-unknown-elf-ld -z max-page-size=4096 -N -Ttext 0 -o xv6-user/_shmtest2 xv6-user/shmtest2.o xv6-user/ulib.o xv6-user/usys.o xv6-user/printf.o xv6-user/umalloc.o xv6-user/thread.o xv6-user/start.o xv6-user/uthread/getcontext.o xv6-user/uthread/setcontext.o xv6-user/uthread/ucontext.o xv6-user/uthread/uswtch.o xv6-user/uthread/uthread.o
riscv64-unknown-elf-objdump -S xv6-user/_shmtest2 > xv6-user/shmtest2.asm
riscv64-unknown-elf-objdump -t xv6-user/_shmtest2 | sed '1,/SYMBOL TABLE/d; s/ .* / /; /^$/d' > xv6-user/shmtest2.sym
xv6-mkfs/mkfs fs.img README.md xv6-user/_init xv6-user/_sh xv6-user/_echo xv6-user/_ls xv6-user/_mkdir xv6-user/_touch xv6-user/_cat xv6-user/_rm xv6-user/_wc xv6-user/_forktest xv6-user/_stressfs xv6-user/_sem_test1 xv6-user/_sem_test2 xv6-user/_thread_test xv6-user/_malloc_test xv6-user/_fork_test xv6-user/_fifo_test1 xv6-user/_fifo_test2 xv6-user/_pipe_test xv6-user/_uthreadtest xv6-user/_msgtest1 xv6-user/_msgtest2 xv6-user/_shmtest1 xv6-user/_shmtest2 
make -C kernel run
make: Leaving directory '/home/rand/xv6-rust'
 
