make all --print-data-base --no-builtin-variables --no-builtin-rules --question
make: *** No rule to make target 'all'.  Stop.

# GNU Make 4.2.1
# Built for x86_64-pc-linux-gnu
# Copyright (C) 1988-2016 Free Software Foundation, Inc.
# License GPLv3+: GNU GPL version 3 or later <http://gnu.org/licenses/gpl.html>
# This is free software: you are free to change and redistribute it.
# There is NO WARRANTY, to the extent permitted by law.

# Make data base, printed on Tue May 17 16:26:13 2022

# Variables

# 'override' directive
GNUMAKEFLAGS := 
# automatic
<D = $(patsubst %/,%,$(dir $<))
# automatic
?F = $(notdir $?)
# environment
DESKTOP_SESSION = ubuntu
# default
.SHELLFLAGS := -c
# environment
XDG_SESSION_CLASS = user
# environment
SNAP_COMMON = /var/snap/code/common
# environment
XDG_SESSION_TYPE = x11
# environment
VSCODE_LOG_NATIVE = false
# automatic
?D = $(patsubst %/,%,$(dir $?))
# environment
IM_CONFIG_PHASE = 1
# automatic
@D = $(patsubst %/,%,$(dir $@))
# environment
XAUTHORITY = /run/user/1000/gdm/Xauthority
# environment
GDMSESSION = ubuntu
# environment
XMODIFIERS = @im=ibus
# makefile
CURDIR := /home/rand/xv6-rust
# makefile
SHELL = /bin/sh
# environment
SNAP_DATA = /var/snap/code/96
# environment
VSCODE_NLS_CONFIG = {"locale":"zh-cn","availableLanguages":{},"_languagePackSupport":true}
# environment
JOURNAL_STREAM = 8:48117
# makefile (from 'Makefile', line 20)
CFLAGS = -Wall -Werror -O -fno-omit-frame-pointer -ggdb -MD -mcmodel=medany -ffreestanding -fno-common -nostdlib -mno-relax -I./xv6-user $(shell $(CC) -fno-stack-protector -E -x c /dev/null >/dev/null 2>&1 && echo -fno-stack-protector) -fno-pie -no-pie
# environment
XDG_CONFIG_DIRS = /etc/xdg/xdg-ubuntu:/etc/xdg
# environment
SNAP_INSTANCE_NAME = code
# environment
SNAP_ARCH = amd64
# makefile (from 'Makefile', line 1)
KERNEL = kernel/target/riscv64gc-unknown-none-elf/debug/kernel
# makefile (from 'Makefile', line 1)
MAKEFILE_LIST :=  Makefile
# automatic
@F = $(notdir $@)
# environment
GIO_LAUNCHED_DESKTOP_FILE = /var/lib/snapd/desktop/applications/code_code.desktop
# environment
USERNAME = rand
# environment
XDG_DATA_DIRS = /usr/share/ubuntu:/usr/local/share/:/usr/share/:/var/lib/snapd/desktop
# environment
DBUS_SESSION_BUS_ADDRESS = unix:path=/run/user/1000/bus
# environment
VSCODE_VERBOSE_LOGGING = true
# environment
_ = /snap/code/96/usr/share/code/code
# environment
MANAGERPID = 1056
# environment
LESSOPEN = | /usr/bin/lesspipe %s
# environment
VSCODE_CWD = /home/rand
# environment
GSETTINGS_SCHEMA_DIR = /snap/code/96/usr/share/glib-2.0/schemas
# default
MAKE_HOST := x86_64-pc-linux-gnu
# environment
PATH = /home/rand/.cargo/bin:/usr/local/sbin:/usr/local/bin:/usr/sbin:/usr/bin:/sbin:/bin:/usr/games:/usr/local/games:/snap/bin
# makefile (from 'Makefile', line 7)
LD = riscv64-unknown-elf-ld
# environment
GPG_AGENT_INFO = /run/user/1000/gnupg/S.gpg-agent:0:1
# environment
SESSION_MANAGER = local/rand-virtual-machine:@/tmp/.ICE-unix/1533,unix/rand-virtual-machine:/tmp/.ICE-unix/1533
# environment
XDG_RUNTIME_DIR = /run/user/1000
# environment
GDK_PIXBUF_MODULE_FILE = /home/rand/snap/code/common/.cache/gdk-pixbuf-loaders.cache
# environment
SNAP = /snap/code/96
# makefile (from 'Makefile', line 4)
CPUS = 1
# environment
SNAP_VERSION = da15b6fd
# environment
XDG_MENU_PREFIX = gnome-
# environment
VSCODE_LOG_STACK = false
# environment
DISABLE_WAYLAND = 1
# environment
ELECTRON_RUN_AS_NODE = 1
# environment
INVOCATION_ID = ee860b3892504d7ea9fc45c5aedbba19
# makefile (from 'Makefile', line 26)
LDFLAGS = -z max-page-size=4096
# environment
GDK_PIXBUF_MODULEDIR = /snap/code/96/usr/lib/x86_64-linux-gnu/gdk-pixbuf-2.0/2.10.0/loaders
# makefile (from 'Makefile', line 51)
ULIB = $(USER)/ulib.o $(USER)/usys.o $(USER)/printf.o $(USER)/umalloc.o $(USER)/thread.o
# default
.FEATURES := target-specific order-only second-expansion else-if shortest-stem undefine oneshell archives jobserver output-sync check-symlink load
# environment
LS_COLORS = 
# environment
XDG_SESSION_DESKTOP = ubuntu
# environment
SSH_AUTH_SOCK = /run/user/1000/keyring/ssh
# environment
GIO_LAUNCHED_DESKTOP_FILE_PID = 9585
# automatic
%F = $(notdir $%)
# environment
DISPLAY = :0
# environment
VSCODE_PIPE_LOGGING = true
# environment
SNAP_INSTANCE_KEY = 
# environment
PWD = /home/rand/xv6-rust
# default
.LOADED := 
# environment
SSH_AGENT_PID = 1498
# environment
ORIGINAL_XDG_CURRENT_DESKTOP = ubuntu:GNOME
# environment
GTK_MODULES = gail:atk-bridge
# environment
VSCODE_AMD_ENTRYPOINT = vs/workbench/api/node/extensionHostProcess
# environment
HOME = /home/rand
# environment
LESSCLOSE = /usr/bin/lesspipe %s %s
# environment
VSCODE_CLI = 1
# environment
VSCODE_CODE_CACHE_PATH = /home/rand/.config/Code/CachedData/da15b6fd3ef856477bf6f4fb29ba1b7af717770d
# environment
LOGNAME = rand
# environment
APPLICATION_INSIGHTS_NO_DIAGNOSTIC_CHANNEL = 1
# environment
SNAP_LIBRARY_PATH = /var/lib/snapd/lib/gl:/var/lib/snapd/lib/gl32:/var/lib/snapd/void
# environment
SNAP_CONTEXT = PENnFIpyvub9u-SZFk9fYj40Pbn8lwtpnstV8I5EV0Hm_7i8eDoY
# environment
ELECTRON_NO_ATTACH_CONSOLE = 1
# environment
SNAP_USER_COMMON = /home/rand/snap/code/common
# environment
VSCODE_HANDLES_UNCAUGHT_ERRORS = true
# environment
GNOME_DESKTOP_SESSION_ID = this-is-deprecated
# automatic
^D = $(patsubst %/,%,$(dir $^))
# environment
MAKELEVEL := 0
# environment
SNAP_REAL_HOME = /home/rand
# default
MAKE = $(MAKE_COMMAND)
# default
MAKECMDGOALS := all
# environment
QT_IM_MODULE = ibus
# environment
SNAP_USER_DATA = /home/rand/snap/code/96
# environment
SHLVL = 0
# makefile (from 'Makefile', line 6)
CC = riscv64-unknown-elf-gcc
# environment
GNOME_SHELL_SESSION_MODE = ubuntu
# environment
VSCODE_IPC_HOOK_EXTHOST = /run/user/1000/vscode-ipc-d36eb655-f505-415f-a6cc-1b36e61a8169.sock
# default
MAKE_VERSION := 4.2.1
# makefile (from 'Makefile', line 2)
USER = xv6-user
# environment
SNAP_REVISION = 96
# makefile
.DEFAULT_GOAL := run
# makefile (from 'Makefile', line 3)
INCLUDE = xv6-user/include
# environment
XDG_CURRENT_DESKTOP = Unity
# automatic
%D = $(patsubst %/,%,$(dir $%))
# default
MAKE_COMMAND := make
# default
.VARIABLES := 
# automatic
*F = $(notdir $*)
# environment
LANGUAGE = zh_CN:zh
# environment
VSCODE_IPC_HOOK = /run/user/1000/vscode-f2998c1d-1.67.1-main.sock
# environment
BAMF_DESKTOP_FILE_HINT = /var/lib/snapd/desktop/applications/code_code.desktop
# makefile
MAKEFLAGS = pqrR
# environment
MFLAGS = -pqrR
# automatic
*D = $(patsubst %/,%,$(dir $*))
# automatic
+D = $(patsubst %/,%,$(dir $+))
# makefile (from 'Makefile', line 9)
OBJDUMP = riscv64-unknown-elf-objdump
# environment
GDK_BACKEND = x11
# automatic
+F = $(notdir $+)
# environment
QT_ACCESSIBILITY = 1
# 'override' directive
.SHELLSTATUS := 1
# default
MAKEFILES := 
# environment
SNAP_COOKIE = PENnFIpyvub9u-SZFk9fYj40Pbn8lwtpnstV8I5EV0Hm_7i8eDoY
# automatic
<F = $(notdir $<)
# environment
SNAP_NAME = code
# environment
LC_ALL = C
# environment
GJS_DEBUG_TOPICS = JS ERROR;JS LOG
# automatic
^F = $(notdir $^)
# makefile (from 'Makefile', line 8)
OBJCOPY = riscv64-unknown-elf-objcopy
# default
SUFFIXES := 
# makefile (from 'Makefile', line 79)
UPROGS = $(USER)/_init $(USER)/_sh $(USER)/_echo $(USER)/_ls $(USER)/_mkdir $(USER)/_touch $(USER)/_cat $(USER)/_rm $(USER)/_forktest $(USER)/_stressfs $(USER)/_sem_test1 $(USER)/_sem_test2 $(USER)/_thread_test $(USER)/_malloc_test $(USER)/_fork_test
# environment
SNAP_REEXEC = 
# environment
CHROME_DESKTOP = code-url-handler.desktop
# environment
WINDOWPATH = 2
# default
.INCLUDE_DIRS = /usr/include /usr/local/include /usr/include
# environment
GJS_DEBUG_OUTPUT = stderr
# default
.RECIPEPREFIX := 
# environment
LANG = C
# environment
VSCODE_PID = 9630
 
# variable set hash-table stats:
# Load=133/1024=13%, Rehash=0, Collisions=22/221=10%

# Pattern-specific Variable Values

# No pattern-specific variable values.

# Directories

# user (device 2053, inode 955528): 9 files, no impossibilities.
# . (device 2053, inode 677081): 22 files, no impossibilities.

# 31 files, no impossibilities in 2 directories.

# Implicit Rules

_%: %.o xv6-user/ulib.o xv6-user/usys.o xv6-user/printf.o xv6-user/umalloc.o xv6-user/thread.o
#  recipe to execute (from 'Makefile', line 54):
	$(LD) $(LDFLAGS) -N -e main -Ttext 0 -o $@ $^
	$(OBJDUMP) -S $@ > $*.asm
	$(OBJDUMP) -t $@ | sed '1,/SYMBOL TABLE/d; s/ .* / /; /^$$/d' > $*.sym

# 1 implicit rules, 0 (0.0%) terminal.

# Files

# Not a target:
xv6-user/_malloc_test:
#  Implicit rule search has not been done.
#  Modification time never checked.
#  File has not been updated.

# Not a target:
all:
#  Command line target.
#  Implicit rule search has been done.
#  File does not exist.
#  File has not been updated.

# Not a target:
%.o:
#  Precious file (prerequisite of .PRECIOUS).
#  Implicit rule search has not been done.
#  Modification time never checked.
#  File has not been updated.

xv6-user/usys.o: xv6-user/usys.S
#  Implicit rule search has not been done.
#  Modification time never checked.
#  File has not been updated.
#  recipe to execute (from 'Makefile', line 62):
	$(CC) $(CFLAGS) -c -o $(USER)/usys.o $(USER)/usys.S

# Not a target:
xv6-user/_ls:
#  Implicit rule search has not been done.
#  Modification time never checked.
#  File has not been updated.

# Not a target:
xv6-user/_thread_test:
#  Implicit rule search has not been done.
#  Modification time never checked.
#  File has not been updated.

# Not a target:
xv6-user/usys.pl:
#  Implicit rule search has not been done.
#  Modification time never checked.
#  File has not been updated.

# Not a target:
xv6-user/ulib.o:
#  Implicit rule search has not been done.
#  Modification time never checked.
#  File has not been updated.

.PRECIOUS: %.o
#  Implicit rule search has not been done.
#  Modification time never checked.
#  File has not been updated.

xv6-user/initcode: xv6-user/initcode.S
#  Implicit rule search has not been done.
#  Modification time never checked.
#  File has not been updated.
#  recipe to execute (from 'Makefile', line 46):
	$(CC) $(CFLAGS) -march=rv64g -nostdinc -I. -Iinclude -c $(USER)/initcode.S -o $(USER)/initcode.o
	$(LD) $(LDFLAGS) -N -e start -Ttext 0 -o $(USER)/initcode.out $(USER)/initcode.o
	$(OBJCOPY) -S -O binary $(USER)/initcode.out $(USER)/initcode
	$(OBJDUMP) -S $(USER)/initcode.o > $(USER)/initcode.asm

# Not a target:
xv6-user/include/fs.h:
#  Implicit rule search has not been done.
#  Modification time never checked.
#  File has not been updated.

kernel/target/riscv64gc-unknown-none-elf/debug/kernel:
#  Implicit rule search has not been done.
#  Modification time never checked.
#  File has not been updated.
#  recipe to execute (from 'Makefile', line 32):
	make -C kernel

# Not a target:
Makefile:
#  Implicit rule search has been done.
#  Last modified 2022-05-16 20:57:45.14525816
#  File has been updated.
#  Successfully updated.

# Not a target:
xv6-mkfs/mkfs.c:
#  Implicit rule search has not been done.
#  Modification time never checked.
#  File has not been updated.

# Not a target:
xv6-user/include/param.h:
#  Implicit rule search has not been done.
#  Modification time never checked.
#  File has not been updated.

# Not a target:
xv6-user/_fork_test:
#  Implicit rule search has not been done.
#  Modification time never checked.
#  File has not been updated.

# Not a target:
xv6-user/_mkdir:
#  Implicit rule search has not been done.
#  Modification time never checked.
#  File has not been updated.

# Not a target:
xv6-user/_init:
#  Implicit rule search has not been done.
#  Modification time never checked.
#  File has not been updated.

xv6-user/usys.S: xv6-user/usys.pl
#  Implicit rule search has not been done.
#  Modification time never checked.
#  File has not been updated.
#  recipe to execute (from 'Makefile', line 59):
	perl $(USER)/usys.pl > $(USER)/usys.S

# Not a target:
xv6-user/_sem_test1:
#  Implicit rule search has not been done.
#  Modification time never checked.
#  File has not been updated.

fs.img: xv6-mkfs/mkfs README.md xv6-user/_init xv6-user/_sh xv6-user/_echo xv6-user/_ls xv6-user/_mkdir xv6-user/_touch xv6-user/_cat xv6-user/_rm xv6-user/_forktest xv6-user/_stressfs xv6-user/_sem_test1 xv6-user/_sem_test2 xv6-user/_thread_test xv6-user/_malloc_test xv6-user/_fork_test
#  Implicit rule search has not been done.
#  Modification time never checked.
#  File has not been updated.
#  recipe to execute (from 'Makefile', line 97):
	xv6-mkfs/mkfs fs.img README.md $(UPROGS)

# Not a target:
xv6-user/initcode.S:
#  Implicit rule search has not been done.
#  Modification time never checked.
#  File has not been updated.

# Not a target:
xv6-user/forktest.o:
#  Implicit rule search has not been done.
#  Modification time never checked.
#  File has not been updated.

xv6-user/_forktest: xv6-user/forktest.o xv6-user/ulib.o xv6-user/usys.o xv6-user/printf.o xv6-user/umalloc.o xv6-user/thread.o
#  Implicit rule search has not been done.
#  Modification time never checked.
#  File has not been updated.
#  recipe to execute (from 'Makefile', line 65):
	# forktest has less library code linked in - needs to be small
	# in order to be able to max out the proc table.
	$(LD) $(LDFLAGS) -N -e main -Ttext 0 -o $(USER)/_forktest $(USER)/forktest.o $(USER)/ulib.o $(USER)/usys.o
	$(OBJDUMP) -S $(USER)/_forktest > $(USER)/forktest.asm

# Not a target:
.DEFAULT:
#  Implicit rule search has not been done.
#  Modification time never checked.
#  File has not been updated.

# Not a target:
xv6-user/_rm:
#  Implicit rule search has not been done.
#  Modification time never checked.
#  File has not been updated.

run: fs.img
#  Implicit rule search has not been done.
#  Modification time never checked.
#  File has not been updated.
#  recipe to execute (from 'Makefile', line 29):
	make -C kernel run

clean:
#  Implicit rule search has not been done.
#  Modification time never checked.
#  File has not been updated.
#  recipe to execute (from 'Makefile', line 38):
	rm -rf kernel.S
	make -C kernel clean
	rm -f $(USER)/*.o $(USER)/*.d $(USER)/*.asm $(USER)/*.sym \
	$(USER)/initcode $(USER)/initcode.out fs.img \
	xv6-mkfs/mkfs $(USER)/usys.S \
	$(UPROGS)

# Not a target:
xv6-user/thread.o:
#  Implicit rule search has not been done.
#  Modification time never checked.
#  File has not been updated.

# Not a target:
xv6-user/_sem_test2:
#  Implicit rule search has not been done.
#  Modification time never checked.
#  File has not been updated.

# Not a target:
user/*.d:
#  Implicit rule search has been done.
#  File does not exist.
#  File has been updated.
#  Failed to be updated.

# Not a target:
xv6-user/printf.o:
#  Implicit rule search has not been done.
#  Modification time never checked.
#  File has not been updated.

# Not a target:
xv6-user/_cat:
#  Implicit rule search has not been done.
#  Modification time never checked.
#  File has not been updated.

# Not a target:
xv6-user/_sh:
#  Implicit rule search has not been done.
#  Modification time never checked.
#  File has not been updated.

# Not a target:
xv6-user/_echo:
#  Implicit rule search has not been done.
#  Modification time never checked.
#  File has not been updated.

# Not a target:
xv6-user/umalloc.o:
#  Implicit rule search has not been done.
#  Modification time never checked.
#  File has not been updated.

# Not a target:
xv6-user/_stressfs:
#  Implicit rule search has not been done.
#  Modification time never checked.
#  File has not been updated.

asm: kernel/target/riscv64gc-unknown-none-elf/debug/kernel
#  Implicit rule search has not been done.
#  Modification time never checked.
#  File has not been updated.
#  recipe to execute (from 'Makefile', line 35):
	$(OBJDUMP) -S $(KERNEL) > kernel.asm

# Not a target:
xv6-user/_touch:
#  Implicit rule search has not been done.
 
#  Modification time never checked.
#  File has not been updated.

# Not a target:
README.md:
#  Implicit rule search has not been done.
#  Modification time never checked.
#  File has not been updated.

xv6-mkfs/mkfs: xv6-mkfs/mkfs.c xv6-user/include/fs.h xv6-user/include/param.h
#  Implicit rule search has not been done.
#  Modification time never checked.
#  File has not been updated.
#  recipe to execute (from 'Makefile', line 71):
	gcc -Werror -Wall -I./xv6-user -o xv6-mkfs/mkfs xv6-mkfs/mkfs.c

# files hash-table stats:
# Load=42/1024=4%, Rehash=0, Collisions=3/86=3%
# VPATH Search Paths

# No 'vpath' search paths.

# No general ('VPATH' variable) search path.

# strcache buffers: 1 (0) / strings = 69 / storage = 862 B / avg = 12 B
# current buf: size = 8162 B / used = 862 B / count = 69 / avg = 12 B

# strcache performance: lookups = 104 / hit rate = 33%
# hash-table stats:
# Load=69/8192=1%, Rehash=0, Collisions=3/104=3%
# Finished Make data base on Tue May 17 16:26:13 2022

 
